  lexer_test_open.cpp
C:\Users\User\source\repos\StasLuts\praktikum\sprint_15\lexer.h(101,2): warning C4623: "parse::LexerError": конструктор по умолчанию неявно определен как удаленный
C:\Users\User\source\repos\StasLuts\praktikum\sprint_15\lexer.h(183,52): warning C4820: parse::Lexer: "4"-байтовые поля добавлены после данные-член "parse::Lexer::global_space_count"
C:\Users\User\source\repos\StasLuts\praktikum\sprint_15\lexer.h(133,1): error C2678: бинарный "!=": не найден оператор, принимающий левый операнд типа "const T" (или приемлемое преобразование отсутствует)
          with
          [
              T=parse::token_type::Id
          ]
C:\Users\User\source\repos\StasLuts\praktikum\sprint_15\lexer.h(92,7): message : может быть "bool parse::operator !=(const parse::Token &,const parse::Token &)"
C:\Program Files\Microsoft Visual Studio\2022\Community\VC\Tools\MSVC\14.31.31103\include\exception(276,28): message : или       "bool std::operator !=(const std::exception_ptr &,const std::exception_ptr &) noexcept" [найдено при поиске с зависимостью от аргументов]
C:\Program Files\Microsoft Visual Studio\2022\Community\VC\Tools\MSVC\14.31.31103\include\exception(280,28): message : или       "bool std::operator !=(const std::exception_ptr &,std::nullptr_t) noexcept" [найдено при поиске с зависимостью от аргументов]
C:\Program Files\Microsoft Visual Studio\2022\Community\VC\Tools\MSVC\14.31.31103\include\exception(284,28): message : или       "bool std::operator !=(std::nullptr_t,const std::exception_ptr &) noexcept" [найдено при поиске с зависимостью от аргументов]
C:\Program Files\Microsoft Visual Studio\2022\Community\VC\Tools\MSVC\14.31.31103\include\system_error(201,28): message : или       "bool std::operator !=(const std::error_code &,const std::error_code &) noexcept" [найдено при поиске с зависимостью от аргументов]
C:\Program Files\Microsoft Visual Studio\2022\Community\VC\Tools\MSVC\14.31.31103\include\system_error(205,28): message : или       "bool std::operator !=(const std::error_code &,const std::error_condition &) noexcept" [найдено при поиске с зависимостью от аргументов]
C:\Program Files\Microsoft Visual Studio\2022\Community\VC\Tools\MSVC\14.31.31103\include\system_error(209,28): message : или       "bool std::operator !=(const std::error_condition &,const std::error_code &) noexcept" [найдено при поиске с зависимостью от аргументов]
C:\Program Files\Microsoft Visual Studio\2022\Community\VC\Tools\MSVC\14.31.31103\include\system_error(283,28): message : или       "bool std::operator !=(const std::error_condition &,const std::error_condition &) noexcept" [найдено при поиске с зависимостью от аргументов]
C:\Program Files\Microsoft Visual Studio\2022\Community\VC\Tools\MSVC\14.31.31103\include\variant(1691,27): message : или       "bool std::operator !=(std::monostate,std::monostate) noexcept" [найдено при поиске с зависимостью от аргументов]
C:\Users\User\source\repos\StasLuts\praktikum\sprint_15\lexer.h(133,1): message : при попытке сопоставить список аргументов "(const T, const U)"
          with
          [
              T=parse::token_type::Id
          ]
          and
          [
              U=std::string
          ]
C:\Users\User\source\repos\StasLuts\praktikum\sprint_15\lexer_test_open.cpp(283): message : выполняется компиляция ссылки на экземпляр шаблон функции "void parse::Lexer::Expect<parse::token_type::Id,std::string>(const U &) const"
          with
          [
              U=std::string
          ]
  main.cpp
C:\Users\User\source\repos\StasLuts\praktikum\sprint_15\lexer.h(101,2): warning C4623: "parse::LexerError": конструктор по умолчанию неявно определен как удаленный
C:\Users\User\source\repos\StasLuts\praktikum\sprint_15\lexer.h(183,52): warning C4820: parse::Lexer: "4"-байтовые поля добавлены после данные-член "parse::Lexer::global_space_count"
C:\Users\User\source\repos\StasLuts\praktikum\sprint_15\test_runner_p.h(78,13): warning C4514: Assert: подставляемая функция, не используемая в ссылках, была удалена
  Создание кода...
